c:\users\rusla\desktop\текущая_учёба\c#\lab_4.3\dll_for_lab3\x64\debug\dll_for_lab3.pch
c:\users\rusla\desktop\текущая_учёба\c#\lab_4.3\dll_for_lab3\x64\debug\vc143.pdb
c:\users\rusla\desktop\текущая_учёба\c#\lab_4.3\dll_for_lab3\x64\debug\vc143.idb
c:\users\rusla\desktop\текущая_учёба\c#\lab_4.3\dll_for_lab3\x64\debug\pch.obj
c:\users\rusla\desktop\текущая_учёба\c#\lab_4.3\dll_for_lab3\x64\debug\dllmain.obj
c:\users\rusla\desktop\текущая_учёба\c#\lab_4.3\lab3\build\x64\debug\dll_for_lab3.lib
c:\users\rusla\desktop\текущая_учёба\c#\lab_4.3\lab3\build\x64\debug\dll_for_lab3.exp
c:\users\rusla\desktop\текущая_учёба\c#\lab_4.3\dll_for_lab3\build\x64\debug\dll_for_lab3.lib
c:\users\rusla\desktop\текущая_учёба\c#\lab_4.3\dll_for_lab3\build\x64\debug\dll_for_lab3.exp
c:\users\rusla\desktop\текущая_учёба\c#\lab_4.3\lab3\build\x64\debug\dll_for_lab3.dll
c:\users\rusla\desktop\текущая_учёба\c#\lab_4.3\dll_for_lab3\x64\debug\dll_for_lab3.ilk
c:\users\rusla\desktop\текущая_учёба\c#\lab_4.3\lab3\build\x64\debug\dll_for_lab3.pdb
c:\users\rusla\desktop\текущая_учёба\c#\lab_4.3\dll_for_lab3\build\x64\debug\dll_for_lab3.dll
c:\users\rusla\desktop\текущая_учёба\c#\lab_4.3\dll_for_lab3\build\x64\debug\dll_for_lab3.pdb
c:\users\rusla\desktop\текущая_учёба\c#\lab_4.3\wpfapp1\build\x64\debug\dll_for_lab3.dll
c:\users\rusla\desktop\текущая_учёба\c#\lab_4.3\wpfapp1\build\x64\debug\dll_for_lab3.pdb
c:\users\rusla\desktop\текущая_учёба\c#\lab_4.3\wpfapp1\build\x64\debug\dll_for_lab3.lib
c:\users\rusla\desktop\текущая_учёба\c#\lab_4.3\wpfapp1\build\x64\debug\dll_for_lab3.exp
c:\users\rusla\desktop\lab6\dll_for_lab3\x64\debug\dllmain.obj
c:\users\rusla\desktop\lab6\dll_for_lab3\x64\debug\pch.obj
c:\users\rusla\desktop\lab6\dll_for_lab3\x64\debug\dll_for_lab3.ilk
c:\users\rusla\desktop\lab6\dll_for_lab3\x64\debug\dll_for_lab3.pch
c:\users\rusla\desktop\lab6\dll_for_lab3\x64\debug\vc143.idb
c:\users\rusla\desktop\lab6\dll_for_lab3\x64\debug\vc143.pdb
c:\users\rusla\desktop\lab6\dll_for_lab3\x64\debug\dll_for_lab3.tlog\cl.command.1.tlog
c:\users\rusla\desktop\lab6\dll_for_lab3\x64\debug\dll_for_lab3.tlog\cl.items.tlog
c:\users\rusla\desktop\lab6\dll_for_lab3\x64\debug\dll_for_lab3.tlog\cl.read.1.tlog
c:\users\rusla\desktop\lab6\dll_for_lab3\x64\debug\dll_for_lab3.tlog\cl.write.1.tlog
c:\users\rusla\desktop\lab6\dll_for_lab3\x64\debug\dll_for_lab3.tlog\link.command.1.tlog
c:\users\rusla\desktop\lab6\dll_for_lab3\x64\debug\dll_for_lab3.tlog\link.read.1.tlog
c:\users\rusla\desktop\lab6\dll_for_lab3\x64\debug\dll_for_lab3.tlog\link.write.1.tlog
c:\users\rusla\desktop\lab6\dll_for_lab3\x64\debug\dll_for_lab3.tlog\link.write.2u.tlog
